# JRE version: OpenJDK Runtime Environment Corretto-17.0.12.7.1 (17.0.12+7) (build 17.0.12+7-LTS)
# Java VM: OpenJDK 64-Bit Server VM Corretto-17.0.12.7.1 (17.0.12+7-LTS, mixed mode, sharing, tiered, compressed oops, compressed class ptrs, g1 gc, bsd-aarch64)
Heap:
 garbage-first heap   total 337920K, used 225065K [0x0000000780000000, 0x0000000800000000)
  region size 1024K, 30 young (30720K), 4 survivors (4096K)
 Metaspace       used 16680K, committed 16896K, reserved 1114112K
  class space    used 2503K, committed 2624K, reserved 1048576K
GC Heap History (16 events):
Event: 3.271 GC heap before
{Heap before GC invocations=0 (full 0):
 garbage-first heap   total 133120K, used 23456K [0x0000000780000000, 0x0000000800000000)
  region size 1024K, 23 young (23552K), 0 survivors (0K)
 Metaspace       used 5573K, committed 5696K, reserved 1114112K
  class space    used 728K, committed 768K, reserved 1048576K
}
Event: 3.272 GC heap after
{Heap after GC invocations=1 (full 0):
 garbage-first heap   total 133120K, used 3637K [0x0000000780000000, 0x0000000800000000)
  region size 1024K, 3 young (3072K), 3 survivors (3072K)
 Metaspace       used 5573K, committed 5696K, reserved 1114112K
  class space    used 728K, committed 768K, reserved 1048576K
}
Event: 3.497 GC heap before
{Heap before GC invocations=1 (full 0):
 garbage-first heap   total 133120K, used 69173K [0x0000000780000000, 0x0000000800000000)
  region size 1024K, 13 young (13312K), 3 survivors (3072K)
 Metaspace       used 7449K, committed 7680K, reserved 1114112K
  class space    used 1051K, committed 1152K, reserved 1048576K
}
Event: 3.499 GC heap after
{Heap after GC invocations=2 (full 0):
 garbage-first heap   total 133120K, used 62719K [0x0000000780000000, 0x0000000800000000)
  region size 1024K, 5 young (5120K), 5 survivors (5120K)
 Metaspace       used 7449K, committed 7680K, reserved 1114112K
  class space    used 1051K, committed 1152K, reserved 1048576K
}
Event: 3.510 GC heap before
{Heap before GC invocations=3 (full 0):
 garbage-first heap   total 133120K, used 66815K [0x0000000780000000, 0x0000000800000000)
  region size 1024K, 6 young (6144K), 5 survivors (5120K)
 Metaspace       used 7451K, committed 7680K, reserved 1114112K
  class space    used 1051K, committed 1152K, reserved 1048576K
}
Event: 3.512 GC heap after
{Heap after GC invocations=4 (full 0):
 garbage-first heap   total 133120K, used 67173K [0x0000000780000000, 0x0000000800000000)
  region size 1024K, 3 young (3072K), 3 survivors (3072K)
 Metaspace       used 7451K, committed 7680K, reserved 1114112K
  class space    used 1051K, committed 1152K, reserved 1048576K
}
Event: 3.524 GC heap before
{Heap before GC invocations=5 (full 0):
 garbage-first heap   total 133120K, used 71269K [0x0000000780000000, 0x0000000800000000)
  region size 1024K, 4 young (4096K), 3 survivors (3072K)
 Metaspace       used 7451K, committed 7680K, reserved 1114112K
  class space    used 1051K, committed 1152K, reserved 1048576K
}
Event: 3.525 GC heap after
{Heap after GC invocations=6 (full 0):
 garbage-first heap   total 133120K, used 71143K [0x0000000780000000, 0x0000000800000000)
  region size 1024K, 2 young (2048K), 2 survivors (2048K)
 Metaspace       used 7451K, committed 7680K, reserved 1114112K
  class space    used 1051K, committed 1152K, reserved 1048576K
}
Event: 3.809 GC heap before
{Heap before GC invocations=7 (full 0):
 garbage-first heap   total 190464K, used 182759K [0x0000000780000000, 0x0000000800000000)
  region size 1024K, 4 young (4096K), 2 survivors (2048K)
 Metaspace       used 7489K, committed 7680K, reserved 1114112K
  class space    used 1051K, committed 1152K, reserved 1048576K
}
Event: 3.809 GC heap after
{Heap after GC invocations=8 (full 0):
 garbage-first heap   total 190464K, used 181898K [0x0000000780000000, 0x0000000800000000)
  region size 1024K, 3 young (3072K), 3 survivors (3072K)
 Metaspace       used 7489K, committed 7680K, reserved 1114112K
  class space    used 1051K, committed 1152K, reserved 1048576K
}
Event: 3.820 GC heap before
{Heap before GC invocations=8 (full 0):
 garbage-first heap   total 194560K, used 185994K [0x0000000780000000, 0x0000000800000000)
  region size 1024K, 4 young (4096K), 3 survivors (3072K)
 Metaspace       used 7491K, committed 7680K, reserved 1114112K
  class space    used 1051K, committed 1152K, reserved 1048576K
}
Event: 3.821 GC heap after
{Heap after GC invocations=9 (full 0):
 garbage-first heap   total 194560K, used 185739K [0x0000000780000000, 0x0000000800000000)
  region size 1024K, 1 young (1024K), 1 survivors (1024K)
 Metaspace       used 7491K, committed 7680K, reserved 1114112K
  class space    used 1051K, committed 1152K, reserved 1048576K
}
Event: 3.831 GC heap before
{Heap before GC invocations=9 (full 0):
 garbage-first heap   total 198656K, used 189835K [0x0000000780000000, 0x0000000800000000)
  region size 1024K, 2 young (2048K), 1 survivors (1024K)
 Metaspace       used 7491K, committed 7680K, reserved 1114112K
  class space    used 1051K, committed 1152K, reserved 1048576K
}
Event: 3.832 GC heap after
{Heap after GC invocations=10 (full 0):
 garbage-first heap   total 330752K, used 189822K [0x0000000780000000, 0x0000000800000000)
  region size 1024K, 1 young (1024K), 1 survivors (1024K)
 Metaspace       used 7491K, committed 7680K, reserved 1114112K
  class space    used 1051K, committed 1152K, reserved 1048576K
}
Event: 4.231 GC heap before
{Heap before GC invocations=11 (full 0):
 garbage-first heap   total 330752K, used 221566K [0x0000000780000000, 0x0000000800000000)
  region size 1024K, 29 young (29696K), 1 survivors (1024K)
 Metaspace       used 14051K, committed 14336K, reserved 1114112K
  class space    used 2233K, committed 2368K, reserved 1048576K
}
Event: 4.233 GC heap after
{Heap after GC invocations=12 (full 0):
 garbage-first heap   total 330752K, used 197417K [0x0000000780000000, 0x0000000800000000)
  region size 1024K, 4 young (4096K), 4 survivors (4096K)
 Metaspace       used 14051K, committed 14336K, reserved 1114112K
  class space    used 2233K, committed 2368K, reserved 1048576K
}

